3-say_my_name module tests
==========================
`say_my_name` function tests
--------------------------

>>> say_my_name = __import__('3-say_my_name').say_my_name

>>> say_my_name()
Traceback (most recent call last):
TypeError: say_my_name() missing 1 required positional argument: 'first_name'

>>> say_my_name('Abdelrahman')
My name is Abdelrahman 
>>> say_my_name('Abdelrahman', 'Mo')
My name is Abdelrahman Mo

>>> say_my_name('Abdelrahman', None)
Traceback (most recent call last):
TypeError: last_name must be a string

>>> say_my_name(None, 'Mo')
Traceback (most recent call last):
TypeError: first_name must be a string
